This is pdfTeX, Version 3.14159265-2.6-1.40.19 (MiKTeX 2.9.6930 64-bit) (preloaded format=pdflatex 2019.1.19)  5 MAR 2019 15:06
entering extended mode
**./main.tex
(main.tex
LaTeX2e <2018-12-01>
("C:\Program Files\MiKTeX 2.9\tex/latex/base\article.cls"
Document Class: article 2018/09/03 v1.4i Standard LaTeX document class
("C:\Program Files\MiKTeX 2.9\tex/latex/base\size11.clo"
File: size11.clo 2018/09/03 v1.4i Standard LaTeX file (size option)
)
\c@part=\count80
\c@section=\count81
\c@subsection=\count82
\c@subsubsection=\count83
\c@paragraph=\count84
\c@subparagraph=\count85
\c@figure=\count86
\c@table=\count87
\abovecaptionskip=\skip41
\belowcaptionskip=\skip42
\bibindent=\dimen102
)
("C:\Program Files\MiKTeX 2.9\tex/latex/amsmath\amsmath.sty"
Package: amsmath 2018/12/01 v2.17b AMS math features
\@mathmargin=\skip43

For additional information on amsmath, use the `?' option.
("C:\Program Files\MiKTeX 2.9\tex/latex/amsmath\amstext.sty"
Package: amstext 2000/06/29 v2.01 AMS text

("C:\Program Files\MiKTeX 2.9\tex/latex/amsmath\amsgen.sty"
File: amsgen.sty 1999/11/30 v2.0 generic functions
\@emptytoks=\toks14
\ex@=\dimen103
))
("C:\Program Files\MiKTeX 2.9\tex/latex/amsmath\amsbsy.sty"
Package: amsbsy 1999/11/29 v1.2d Bold Symbols
\pmbraise@=\dimen104
)
("C:\Program Files\MiKTeX 2.9\tex/latex/amsmath\amsopn.sty"
Package: amsopn 2016/03/08 v2.02 operator names
)
\inf@bad=\count88
LaTeX Info: Redefining \frac on input line 223.
\uproot@=\count89
\leftroot@=\count90
LaTeX Info: Redefining \overline on input line 385.
\classnum@=\count91
\DOTSCASE@=\count92
LaTeX Info: Redefining \ldots on input line 482.
LaTeX Info: Redefining \dots on input line 485.
LaTeX Info: Redefining \cdots on input line 606.
\Mathstrutbox@=\box27
\strutbox@=\box28
\big@size=\dimen105
LaTeX Font Info:    Redeclaring font encoding OML on input line 729.
LaTeX Font Info:    Redeclaring font encoding OMS on input line 730.
\macc@depth=\count93
\c@MaxMatrixCols=\count94
\dotsspace@=\muskip10
\c@parentequation=\count95
\dspbrk@lvl=\count96
\tag@help=\toks15
\row@=\count97
\column@=\count98
\maxfields@=\count99
\andhelp@=\toks16
\eqnshift@=\dimen106
\alignsep@=\dimen107
\tagshift@=\dimen108
\tagwidth@=\dimen109
\totwidth@=\dimen110
\lineht@=\dimen111
\@envbody=\toks17
\multlinegap=\skip44
\multlinetaggap=\skip45
\mathdisplay@stack=\toks18
LaTeX Info: Redefining \[ on input line 2844.
LaTeX Info: Redefining \] on input line 2845.
)
("C:\Program Files\MiKTeX 2.9\tex/latex/amsfonts\amssymb.sty"
Package: amssymb 2013/01/14 v3.01 AMS font symbols

("C:\Program Files\MiKTeX 2.9\tex/latex/amsfonts\amsfonts.sty"
Package: amsfonts 2013/01/14 v3.01 Basic AMSFonts support
\symAMSa=\mathgroup4
\symAMSb=\mathgroup5
LaTeX Font Info:    Overwriting math alphabet `\mathfrak' in version `bold'
(Font)                  U/euf/m/n --> U/euf/b/n on input line 106.
))
("C:\Program Files\MiKTeX 2.9\tex/latex/amscls\amsthm.sty"
Package: amsthm 2017/10/31 v2.20.4
\thm@style=\toks19
\thm@bodyfont=\toks20
\thm@headfont=\toks21
\thm@notefont=\toks22
\thm@headpunct=\toks23
\thm@preskip=\skip46
\thm@postskip=\skip47
\thm@headsep=\skip48
\dth@everypar=\toks24
)
(C:\Users\snati\AppData\Roaming\MiKTeX\2.9\tex/latex/marvosym\marvosym.sty
Package: marvosym 2011/07/20 v2.2 Martin Vogel's Symbols font definitions
)
(C:\Users\snati\AppData\Roaming\MiKTeX\2.9\tex/latex/permute\permute.sty
Package: permute 1999/11/10 v0.12 (aeio)(cdt)(knm)
)
(C:\Users\snati\AppData\Roaming\MiKTeX\2.9\tex/latex/extsizes\extsizes.sty
Package: extsizes 1996/10/08 v1.0 Non Standard LaTeX Package


Package ExtSizes Warning: It is better to use one of the extsizes classes,
 if you can.

("C:\Program Files\MiKTeX 2.9\tex/latex/base\size11.clo"
File: size11.clo 2018/09/03 v1.4i Standard LaTeX file (size option)
))
(C:\Users\snati\AppData\Roaming\MiKTeX\2.9\tex/latex/siunitx\siunitx.sty
(C:\Users\snati\AppData\Roaming\MiKTeX\2.9\tex/latex/l3kernel\expl3.sty
Package: expl3 2019-02-15 L3 programming layer (loader) 

(C:\Users\snati\AppData\Roaming\MiKTeX\2.9\tex/latex/l3kernel\expl3-code.tex
Package: expl3 2019-02-15 L3 programming layer (code)
\c_max_int=\count100
\l_tmpa_int=\count101
\l_tmpb_int=\count102
\g_tmpa_int=\count103
\g_tmpb_int=\count104
\g__kernel_prg_map_int=\count105
\c_log_iow=\count106
\l_iow_line_count_int=\count107
\l__iow_line_target_int=\count108
\l__iow_one_indent_int=\count109
\l__iow_indent_int=\count110
\c_zero_dim=\dimen112
\c_max_dim=\dimen113
\l_tmpa_dim=\dimen114
\l_tmpb_dim=\dimen115
\g_tmpa_dim=\dimen116
\g_tmpb_dim=\dimen117
\c_zero_skip=\skip49
\c_max_skip=\skip50
\l_tmpa_skip=\skip51
\l_tmpb_skip=\skip52
\g_tmpa_skip=\skip53
\g_tmpb_skip=\skip54
\c_zero_muskip=\muskip11
\c_max_muskip=\muskip12
\l_tmpa_muskip=\muskip13
\l_tmpb_muskip=\muskip14
\g_tmpa_muskip=\muskip15
\g_tmpb_muskip=\muskip16
\l_keys_choice_int=\count111
\l__intarray_loop_int=\count112
\c__intarray_sp_dim=\dimen118
\g__intarray_font_int=\count113
\c__fp_leading_shift_int=\count114
\c__fp_middle_shift_int=\count115
\c__fp_trailing_shift_int=\count116
\c__fp_big_leading_shift_int=\count117
\c__fp_big_middle_shift_int=\count118
\c__fp_big_trailing_shift_int=\count119
\c__fp_Bigg_leading_shift_int=\count120
\c__fp_Bigg_middle_shift_int=\count121
\c__fp_Bigg_trailing_shift_int=\count122
\c__kernel_randint_max_int=\count123
\g__fp_array_int=\count124
\l__fp_array_loop_int=\count125
\l__sort_length_int=\count126
\l__sort_min_int=\count127
\l__sort_top_int=\count128
\l__sort_max_int=\count129
\l__sort_true_max_int=\count130
\l__sort_block_int=\count131
\l__sort_begin_int=\count132
\l__sort_end_int=\count133
\l__sort_A_int=\count134
\l__sort_B_int=\count135
\l__sort_C_int=\count136
\l__tl_analysis_normal_int=\count137
\l__tl_analysis_index_int=\count138
\l__tl_analysis_nesting_int=\count139
\l__tl_analysis_type_int=\count140
\l__regex_internal_a_int=\count141
\l__regex_internal_b_int=\count142
\l__regex_internal_c_int=\count143
\l__regex_balance_int=\count144
\l__regex_group_level_int=\count145
\l__regex_mode_int=\count146
\c__regex_cs_in_class_mode_int=\count147
\c__regex_cs_mode_int=\count148
\l__regex_catcodes_int=\count149
\l__regex_default_catcodes_int=\count150
\c__regex_catcode_D_int=\count151
\c__regex_catcode_S_int=\count152
\c__regex_catcode_L_int=\count153
\c__regex_catcode_O_int=\count154
\c__regex_catcode_A_int=\count155
\c__regex_all_catcodes_int=\count156
\l__regex_show_lines_int=\count157
\l__regex_min_state_int=\count158
\l__regex_max_state_int=\count159
\l__regex_left_state_int=\count160
\l__regex_right_state_int=\count161
\l__regex_capturing_group_int=\count162
\l__regex_min_pos_int=\count163
\l__regex_max_pos_int=\count164
\l__regex_curr_pos_int=\count165
\l__regex_start_pos_int=\count166
\l__regex_success_pos_int=\count167
\l__regex_curr_char_int=\count168
\l__regex_curr_catcode_int=\count169
\l__regex_last_char_int=\count170
\l__regex_case_changed_char_int=\count171
\l__regex_curr_state_int=\count172
\l__regex_step_int=\count173
\l__regex_min_active_int=\count174
\l__regex_max_active_int=\count175
\l__regex_replacement_csnames_int=\count176
\l__regex_match_count_int=\count177
\l__regex_min_submatch_int=\count178
\l__regex_submatch_int=\count179
\l__regex_zeroth_submatch_int=\count180
\g__regex_trace_regex_int=\count181
\c_empty_box=\box29
\l_tmpa_box=\box30
\l_tmpb_box=\box31
\g_tmpa_box=\box32
\g_tmpb_box=\box33
\l__box_top_dim=\dimen119
\l__box_bottom_dim=\dimen120
\l__box_left_dim=\dimen121
\l__box_right_dim=\dimen122
\l__box_top_new_dim=\dimen123
\l__box_bottom_new_dim=\dimen124
\l__box_left_new_dim=\dimen125
\l__box_right_new_dim=\dimen126
\l__box_internal_box=\box34
\l__coffin_internal_box=\box35
\l__coffin_internal_dim=\dimen127
\l__coffin_offset_x_dim=\dimen128
\l__coffin_offset_y_dim=\dimen129
\l__coffin_x_dim=\dimen130
\l__coffin_y_dim=\dimen131
\l__coffin_x_prime_dim=\dimen132
\l__coffin_y_prime_dim=\dimen133
\c_empty_coffin=\box36
\l__coffin_aligned_coffin=\box37
\l__coffin_aligned_internal_coffin=\box38
\l_tmpa_coffin=\box39
\l_tmpb_coffin=\box40
\g_tmpa_coffin=\box41
\g_tmpb_coffin=\box42
\c__coffin_empty_coffin=\box43
\l__coffin_display_coffin=\box44
\l__coffin_display_coord_coffin=\box45
\l__coffin_display_pole_coffin=\box46
\l__coffin_display_offset_dim=\dimen134
\l__coffin_display_x_dim=\dimen135
\l__coffin_display_y_dim=\dimen136
\g__file_internal_ior=\read1
\l__coffin_bounding_shift_dim=\dimen137
\l__coffin_left_corner_dim=\dimen138
\l__coffin_right_corner_dim=\dimen139
\l__coffin_bottom_corner_dim=\dimen140
\l__coffin_top_corner_dim=\dimen141
\l__coffin_scaled_total_height_dim=\dimen142
\l__coffin_scaled_width_dim=\dimen143
\l__seq_internal_a_int=\count182
\l__seq_internal_b_int=\count183
)
(C:\Users\snati\AppData\Roaming\MiKTeX\2.9\tex/latex/l3kernel\l3pdfmode.def
File: l3pdfmode.def 2019-02-15 v L3 Experimental driver: PDF mode
\l__driver_color_stack_int=\count184
))
(C:\Users\snati\AppData\Roaming\MiKTeX\2.9\tex/latex/l3packages/xparse\xparse.s
ty
Package: xparse 2018-10-17 L3 Experimental document command parser
\l__xparse_current_arg_int=\count185
\g__xparse_grabber_int=\count186
\l__xparse_m_args_int=\count187
\l__xparse_mandatory_args_int=\count188
\l__xparse_v_nesting_int=\count189
)
Package: siunitx 2018/05/17 v2.7s A comprehensive (SI) units package
 ("C:\Program Files\MiKTeX 2.9\tex/latex/tools\array.sty"
Package: array 2018/12/30 v2.4k Tabular extension package (FMi)
\col@sep=\dimen144
\ar@mcellbox=\box47
\extrarowheight=\dimen145
\NC@list=\toks25
\extratabsurround=\skip55
\backup@length=\skip56
\ar@cellbox=\box48
)
(C:\Users\snati\AppData\Roaming\MiKTeX\2.9\tex/latex/l3packages/l3keys2e\l3keys
2e.sty
Package: l3keys2e 2018-10-17 LaTeX2e option processing using LaTeX3 keys
)
\l__siunitx_tmp_box=\box49
\l__siunitx_tmp_dim=\dimen146
\l__siunitx_tmp_int=\count190
\l__siunitx_number_mantissa_length_int=\count191
\l__siunitx_number_uncert_length_int=\count192
\l__siunitx_round_int=\count193
\l__siunitx_process_decimal_int=\count194
\l__siunitx_process_uncertainty_int=\count195
\l__siunitx_process_fixed_int=\count196
\l__siunitx_process_integer_min_int=\count197
\l__siunitx_process_precision_int=\count198
\l__siunitx_group_min_int=\count199
\l__siunitx_angle_marker_box=\box50
\l__siunitx_angle_unit_box=\box51
\l__siunitx_angle_marker_dim=\dimen147
\l__siunitx_angle_unit_dim=\dimen148
\l__siunitx_unit_int=\count266
\l__siunitx_unit_denominator_int=\count267
\l__siunitx_unit_numerator_int=\count268
\l__siunitx_unit_prefix_int=\count269
\l__siunitx_unit_prefix_base_int=\count270
\l__siunitx_unit_prefix_gram_int=\count271
\l__siunitx_number_product_int=\count272
\c__siunitx_one_fill_skip=\skip57
\l__siunitx_table_unit_align_skip=\skip58
\l__siunitx_table_exponent_dim=\dimen149
\l__siunitx_table_integer_dim=\dimen150
\l__siunitx_table_mantissa_dim=\dimen151
\l__siunitx_table_marker_dim=\dimen152
\l__siunitx_table_result_dim=\dimen153
\l__siunitx_table_uncert_dim=\dimen154
\l__siunitx_table_fill_pre_dim=\dimen155
\l__siunitx_table_fill_post_dim=\dimen156
\l__siunitx_table_fill_mid_dim=\dimen157
\l__siunitx_table_pre_box=\box52
\l__siunitx_table_post_box=\box53
\l__siunitx_table_mantissa_box=\box54
\l__siunitx_table_result_box=\box55
\l__siunitx_table_number_align_skip=\skip59
\l__siunitx_table_text_align_skip=\skip60

(C:\Users\snati\AppData\Roaming\MiKTeX\2.9\tex/latex/translator\translator.sty
Package: translator 2018/01/04 v1.12 Easy translation of strings in LaTeX

("C:\Program Files\MiKTeX 2.9\tex/latex/graphics\keyval.sty"
Package: keyval 2014/10/28 v1.15 key=value parser (DPC)
\KV@toks@=\toks26
)))
("C:\Program Files\MiKTeX 2.9\tex/latex/graphics\graphicx.sty"
Package: graphicx 2017/06/01 v1.1a Enhanced LaTeX Graphics (DPC,SPQR)

("C:\Program Files\MiKTeX 2.9\tex/latex/graphics\graphics.sty"
Package: graphics 2017/06/25 v1.2c Standard LaTeX Graphics (DPC,SPQR)

("C:\Program Files\MiKTeX 2.9\tex/latex/graphics\trig.sty"
Package: trig 2016/01/03 v1.10 sin cos tan (DPC)
)
("C:\Program Files\MiKTeX 2.9\tex/latex/graphics-cfg\graphics.cfg"
File: graphics.cfg 2016/06/04 v1.11 sample graphics configuration
)
Package graphics Info: Driver file: pdftex.def on input line 99.

("C:\Program Files\MiKTeX 2.9\tex/latex/graphics-def\pdftex.def"
File: pdftex.def 2018/01/08 v1.0l Graphics/color driver for pdftex
))
\Gin@req@height=\dimen158
\Gin@req@width=\dimen159
)
("C:\Program Files\MiKTeX 2.9\tex/latex/float\float.sty"
Package: float 2001/11/08 v1.3d Float enhancements (AL)
\c@float@type=\count273
\float@exts=\toks27
\float@box=\box56
\@float@everytoks=\toks28
\@floatcapt=\box57
)
(C:\Users\snati\AppData\Roaming\MiKTeX\2.9\tex/latex/enumitem\enumitem.sty
Package: enumitem 2018/11/30 v3.6 Customized lists
\labelindent=\skip61
\enit@outerparindent=\dimen160
\enit@toks=\toks29
\enit@inbox=\box58
\enitdp@description=\count274
)
(C:\Users\snati\AppData\Roaming\MiKTeX\2.9\tex/latex/adjustbox\adjustbox.sty
Package: adjustbox 2019/01/04 v1.2 Adjusting TeX boxes (trim, clip, ...)

("C:\Program Files\MiKTeX 2.9\tex/latex/xkeyval\xkeyval.sty"
Package: xkeyval 2014/12/03 v2.7a package option processing (HA)

("C:\Program Files\MiKTeX 2.9\tex/generic/xkeyval\xkeyval.tex"
("C:\Program Files\MiKTeX 2.9\tex/generic/xkeyval\xkvutils.tex"
\XKV@toks=\toks30
\XKV@tempa@toks=\toks31
)
\XKV@depth=\count275
File: xkeyval.tex 2014/12/03 v2.7a key=value parser (HA)
))
(C:\Users\snati\AppData\Roaming\MiKTeX\2.9\tex/latex/adjustbox\adjcalc.sty
Package: adjcalc 2012/05/16 v1.1 Provides advanced setlength with multiple back
-ends (calc, etex, pgfmath)
)
(C:\Users\snati\AppData\Roaming\MiKTeX\2.9\tex/latex/adjustbox\trimclip.sty
Package: trimclip 2018/04/08 v1.1 Trim and clip general TeX material

(C:\Users\snati\AppData\Roaming\MiKTeX\2.9\tex/latex/collectbox\collectbox.sty
Package: collectbox 2012/05/17 v0.4b Collect macro arguments as boxes
\collectedbox=\box59
)
\tc@llx=\dimen161
\tc@lly=\dimen162
\tc@urx=\dimen163
\tc@ury=\dimen164
Package trimclip Info: Using driver 'tc-pdftex.def'.
(C:\Users\snati\AppData\Roaming\MiKTeX\2.9\tex/latex/adjustbox\tc-pdftex.def
File: tc-pdftex.def 2019/01/04 v2.2 Clipping driver for pdftex
))
\adjbox@Width=\dimen165
\adjbox@Height=\dimen166
\adjbox@Depth=\dimen167
\adjbox@Totalheight=\dimen168
\adjbox@pwidth=\dimen169
\adjbox@pheight=\dimen170
\adjbox@pdepth=\dimen171
\adjbox@ptotalheight=\dimen172

(C:\Users\snati\AppData\Roaming\MiKTeX\2.9\tex/latex/ifoddpage\ifoddpage.sty
Package: ifoddpage 2016/04/23 v1.1 Conditionals for odd/even page detection
\c@checkoddpage=\count276
)
(C:\Users\snati\AppData\Roaming\MiKTeX\2.9\tex/latex/varwidth\varwidth.sty
Package: varwidth 2009/03/30 ver 0.92;  Variable-width minipages
\@vwid@box=\box60
\sift@deathcycles=\count277
\@vwid@loff=\dimen173
\@vwid@roff=\dimen174
))
("C:\Program Files\MiKTeX 2.9\tex/latex/hyperref\hyperref.sty"
Package: hyperref 2018/11/30 v6.88e Hypertext links for LaTeX

("C:\Program Files\MiKTeX 2.9\tex/generic/oberdiek\hobsub-hyperref.sty"
Package: hobsub-hyperref 2016/05/16 v1.14 Bundle oberdiek, subset hyperref (HO)


("C:\Program Files\MiKTeX 2.9\tex/generic/oberdiek\hobsub-generic.sty"
Package: hobsub-generic 2016/05/16 v1.14 Bundle oberdiek, subset generic (HO)
Package: hobsub 2016/05/16 v1.14 Construct package bundles (HO)
Package: infwarerr 2016/05/16 v1.4 Providing info/warning/error messages (HO)
Package: ltxcmds 2016/05/16 v1.23 LaTeX kernel commands for general use (HO)
Package: ifluatex 2016/05/16 v1.4 Provides the ifluatex switch (HO)
Package ifluatex Info: LuaTeX not detected.
Package: ifvtex 2016/05/16 v1.6 Detect VTeX and its facilities (HO)
Package ifvtex Info: VTeX not detected.
Package: intcalc 2016/05/16 v1.2 Expandable calculations with integers (HO)
Package: ifpdf 2018/09/07 v3.3 Provides the ifpdf switch
Package: etexcmds 2016/05/16 v1.6 Avoid name clashes with e-TeX commands (HO)
Package: kvsetkeys 2016/05/16 v1.17 Key value parser (HO)
Package: kvdefinekeys 2016/05/16 v1.4 Define keys (HO)
Package: pdftexcmds 2018/09/10 v0.29 Utility functions of pdfTeX for LuaTeX (HO
)
Package pdftexcmds Info: LuaTeX not detected.
Package pdftexcmds Info: \pdf@primitive is available.
Package pdftexcmds Info: \pdf@ifprimitive is available.
Package pdftexcmds Info: \pdfdraftmode found.
Package: pdfescape 2016/05/16 v1.14 Implements pdfTeX's escape features (HO)
Package: bigintcalc 2016/05/16 v1.4 Expandable calculations on big integers (HO
)
Package: bitset 2016/05/16 v1.2 Handle bit-vector datatype (HO)
Package: uniquecounter 2016/05/16 v1.3 Provide unlimited unique counter (HO)
)
Package hobsub Info: Skipping package `hobsub' (already loaded).
Package: letltxmacro 2016/05/16 v1.5 Let assignment for LaTeX macros (HO)
Package: hopatch 2016/05/16 v1.3 Wrapper for package hooks (HO)
Package: xcolor-patch 2016/05/16 xcolor patch
Package: atveryend 2016/05/16 v1.9 Hooks at the very end of document (HO)
Package atveryend Info: \enddocument detected (standard20110627).
Package: atbegshi 2016/06/09 v1.18 At begin shipout hook (HO)
Package: refcount 2016/05/16 v3.5 Data extraction from label references (HO)
Package: hycolor 2016/05/16 v1.8 Color options for hyperref/bookmark (HO)
)
("C:\Program Files\MiKTeX 2.9\tex/generic/ifxetex\ifxetex.sty"
Package: ifxetex 2010/09/12 v0.6 Provides ifxetex conditional
)
("C:\Program Files\MiKTeX 2.9\tex/latex/oberdiek\auxhook.sty"
Package: auxhook 2016/05/16 v1.4 Hooks for auxiliary files (HO)
)
("C:\Program Files\MiKTeX 2.9\tex/latex/oberdiek\kvoptions.sty"
Package: kvoptions 2016/05/16 v3.12 Key value format for package options (HO)
)
\@linkdim=\dimen175
\Hy@linkcounter=\count278
\Hy@pagecounter=\count279

("C:\Program Files\MiKTeX 2.9\tex/latex/hyperref\pd1enc.def"
File: pd1enc.def 2018/11/30 v6.88e Hyperref: PDFDocEncoding definition (HO)
Now handling font encoding PD1 ...
... no UTF-8 mapping file for font encoding PD1
)
\Hy@SavedSpaceFactor=\count280

("C:\Program Files\MiKTeX 2.9\tex/latex/00miktex\hyperref.cfg"
File: hyperref.cfg 2002/06/06 v1.2 hyperref configuration of TeXLive
)
Package hyperref Info: Hyper figures OFF on input line 4519.
Package hyperref Info: Link nesting OFF on input line 4524.
Package hyperref Info: Hyper index ON on input line 4527.
Package hyperref Info: Plain pages OFF on input line 4534.
Package hyperref Info: Backreferencing OFF on input line 4539.
Package hyperref Info: Implicit mode ON; LaTeX internals redefined.
Package hyperref Info: Bookmarks ON on input line 4772.
\c@Hy@tempcnt=\count281

(C:\Users\snati\AppData\Roaming\MiKTeX\2.9\tex/latex/url\url.sty
\Urlmuskip=\muskip17
Package: url 2013/09/16  ver 3.4  Verb mode for urls, etc.
)
LaTeX Info: Redefining \url on input line 5125.
\XeTeXLinkMargin=\dimen176
\Fld@menulength=\count282
\Field@Width=\dimen177
\Fld@charsize=\dimen178
Package hyperref Info: Hyper figures OFF on input line 6380.
Package hyperref Info: Link nesting OFF on input line 6385.
Package hyperref Info: Hyper index ON on input line 6388.
Package hyperref Info: backreferencing OFF on input line 6395.
Package hyperref Info: Link coloring OFF on input line 6400.
Package hyperref Info: Link coloring with OCG OFF on input line 6405.
Package hyperref Info: PDF/A mode OFF on input line 6410.
LaTeX Info: Redefining \ref on input line 6450.
LaTeX Info: Redefining \pageref on input line 6454.
\Hy@abspage=\count283
\c@Item=\count284
\c@Hfootnote=\count285
)
Package hyperref Info: Driver (autodetected): hpdftex.

("C:\Program Files\MiKTeX 2.9\tex/latex/hyperref\hpdftex.def"
File: hpdftex.def 2018/11/30 v6.88e Hyperref driver for pdfTeX
\Fld@listcount=\count286
\c@bookmark@seq@number=\count287

("C:\Program Files\MiKTeX 2.9\tex/latex/oberdiek\rerunfilecheck.sty"
Package: rerunfilecheck 2016/05/16 v1.8 Rerun checks for auxiliary files (HO)
Package uniquecounter Info: New unique counter `rerunfilecheck' on input line 2
82.
)
\Hy@SectionHShift=\skip62
)
("C:\Program Files\MiKTeX 2.9\tex/latex/tools\bm.sty"
Package: bm 2017/01/16 v1.2c Bold Symbol Support (DPC/FMi)
\symboldoperators=\mathgroup6
\symboldletters=\mathgroup7
\symboldsymbols=\mathgroup8
LaTeX Font Info:    Redeclaring math alphabet \mathbf on input line 141.
LaTeX Info: Redefining \bm on input line 207.
)
(C:\Users\snati\AppData\Roaming\MiKTeX\2.9\tex/latex/microtype\microtype.sty
Package: microtype 2018/01/14 v2.7a Micro-typographical refinements (RS)
\MT@toks=\toks32
\MT@count=\count288
LaTeX Info: Redefining \textls on input line 793.
\MT@outer@kern=\dimen179
LaTeX Info: Redefining \textmicrotypecontext on input line 1339.
\MT@listname@count=\count289

(C:\Users\snati\AppData\Roaming\MiKTeX\2.9\tex/latex/microtype\microtype-pdftex
.def
File: microtype-pdftex.def 2018/01/14 v2.7a Definitions specific to pdftex (RS)

LaTeX Info: Redefining \lsstyle on input line 913.
LaTeX Info: Redefining \lslig on input line 913.
\MT@outer@space=\skip63
)
Package microtype Info: Loading configuration file microtype.cfg.

(C:\Users\snati\AppData\Roaming\MiKTeX\2.9\tex/latex/microtype\microtype.cfg
File: microtype.cfg 2018/01/14 v2.7a microtype main configuration file (RS)
))
(C:\Users\snati\AppData\Roaming\MiKTeX\2.9\tex/latex/doublestroke\dsfont.sty
Package: dsfont 1995/08/01 v0.1 Double stroke roman fonts
)
(C:\Users\snati\AppData\Roaming\MiKTeX\2.9\tex/latex/ulem\ulem.sty
\UL@box=\box61
\UL@hyphenbox=\box62
\UL@skip=\skip64
\UL@hook=\toks33
\UL@height=\dimen180
\UL@pe=\count290
\UL@pixel=\dimen181
\ULC@box=\box63
Package: ulem 2012/05/18
\ULdepth=\dimen182
)
("C:\Program Files\MiKTeX 2.9\tex/latex/base\fontenc.sty"
Package: fontenc 2018/08/11 v2.0j Standard LaTeX package

("C:\Program Files\MiKTeX 2.9\tex/latex/base\t1enc.def"
File: t1enc.def 2018/08/11 v2.0j Standard LaTeX file
LaTeX Font Info:    Redeclaring font encoding T1 on input line 48.
))
("C:\Program Files\MiKTeX 2.9\tex/latex/base\inputenc.sty"
Package: inputenc 2018/08/11 v1.3c Input encoding file
\inpenc@prehook=\toks34
\inpenc@posthook=\toks35
)
("C:\Program Files\MiKTeX 2.9\tex/latex/lm\lmodern.sty"
Package: lmodern 2009/10/30 v1.6 Latin Modern Fonts
LaTeX Font Info:    Overwriting symbol font `operators' in version `normal'
(Font)                  OT1/cmr/m/n --> OT1/lmr/m/n on input line 22.
LaTeX Font Info:    Overwriting symbol font `letters' in version `normal'
(Font)                  OML/cmm/m/it --> OML/lmm/m/it on input line 23.
LaTeX Font Info:    Overwriting symbol font `symbols' in version `normal'
(Font)                  OMS/cmsy/m/n --> OMS/lmsy/m/n on input line 24.
LaTeX Font Info:    Overwriting symbol font `largesymbols' in version `normal'
(Font)                  OMX/cmex/m/n --> OMX/lmex/m/n on input line 25.
LaTeX Font Info:    Overwriting symbol font `operators' in version `bold'
(Font)                  OT1/cmr/bx/n --> OT1/lmr/bx/n on input line 26.
LaTeX Font Info:    Overwriting symbol font `letters' in version `bold'
(Font)                  OML/cmm/b/it --> OML/lmm/b/it on input line 27.
LaTeX Font Info:    Overwriting symbol font `symbols' in version `bold'
(Font)                  OMS/cmsy/b/n --> OMS/lmsy/b/n on input line 28.
LaTeX Font Info:    Overwriting symbol font `largesymbols' in version `bold'
(Font)                  OMX/cmex/m/n --> OMX/lmex/m/n on input line 29.
LaTeX Font Info:    Overwriting math alphabet `\mathbf' in version `normal'
(Font)                  OT1/cmr/bx/n --> OT1/lmr/bx/n on input line 31.
LaTeX Font Info:    Overwriting math alphabet `\mathsf' in version `normal'
(Font)                  OT1/cmss/m/n --> OT1/lmss/m/n on input line 32.
LaTeX Font Info:    Overwriting math alphabet `\mathit' in version `normal'
(Font)                  OT1/cmr/m/it --> OT1/lmr/m/it on input line 33.
LaTeX Font Info:    Overwriting math alphabet `\mathtt' in version `normal'
(Font)                  OT1/cmtt/m/n --> OT1/lmtt/m/n on input line 34.
LaTeX Font Info:    Overwriting math alphabet `\mathbf' in version `bold'
(Font)                  OT1/cmr/bx/n --> OT1/lmr/bx/n on input line 35.
LaTeX Font Info:    Overwriting math alphabet `\mathsf' in version `bold'
(Font)                  OT1/cmss/bx/n --> OT1/lmss/bx/n on input line 36.
LaTeX Font Info:    Overwriting math alphabet `\mathit' in version `bold'
(Font)                  OT1/cmr/bx/it --> OT1/lmr/bx/it on input line 37.
LaTeX Font Info:    Overwriting math alphabet `\mathtt' in version `bold'
(Font)                  OT1/cmtt/m/n --> OT1/lmtt/m/n on input line 38.
)
("C:\Program Files\MiKTeX 2.9\tex/latex/base\fontenc.sty"
Package: fontenc 2018/08/11 v2.0j Standard LaTeX package

("C:\Program Files\MiKTeX 2.9\tex/latex/base\t1enc.def"
File: t1enc.def 2018/08/11 v2.0j Standard LaTeX file
LaTeX Font Info:    Redeclaring font encoding T1 on input line 48.
))
("C:\Program Files\MiKTeX 2.9\tex/latex/geometry\geometry.sty"
Package: geometry 2018/04/16 v5.8 Page Geometry
\Gm@cnth=\count291
\Gm@cntv=\count292
\c@Gm@tempcnt=\count293
\Gm@bindingoffset=\dimen183
\Gm@wd@mp=\dimen184
\Gm@odd@mp=\dimen185
\Gm@even@mp=\dimen186
\Gm@layoutwidth=\dimen187
\Gm@layoutheight=\dimen188
\Gm@layouthoffset=\dimen189
\Gm@layoutvoffset=\dimen190
\Gm@dimlist=\toks36

("C:\Program Files\MiKTeX 2.9\tex/latex/geometry\geometry.cfg"))
("C:\Program Files\MiKTeX 2.9\tex/generic/babel\babel.sty"
Package: babel 2018/11/13 3.27 The Babel package

("C:\Program Files\MiKTeX 2.9\tex/generic/babel\switch.def"
File: switch.def 2018/11/13 3.27 Babel switching mechanism
)
*************************************
* Local config file bblopts.cfg used
*
(C:\Users\snati\AppData\Roaming\MiKTeX\2.9\tex/latex/arabi\bblopts.cfg
File: bblopts.cfg 2005/09/08 v0.1 add Arabic and Farsi to "declared" options of
 babel
)
(C:\Users\snati\AppData\Roaming\MiKTeX\2.9\tex/latex/babel-icelandic\icelandic.
ldf
Language: icelandic 2016/01/14 v1.2b Icelandic support from the babel system
 ("C:\Program Files\MiKTeX 2.9\tex/generic/babel\babel.def"
File: babel.def 2018/11/13 3.27 Babel common definitions
\babel@savecnt=\count294
\U@D=\dimen191

("C:\Program Files\MiKTeX 2.9\tex/generic/babel\txtbabel.def")
\bbl@dirlevel=\count295
)
Package babel Info: Making " an active character on input line 127.
\pl@left=\dimen192
\pl@down=\dimen193
\pl@right=\dimen194
\pl@temp=\dimen195
))
(C:\Users\snati\AppData\Roaming\MiKTeX\2.9\tex/latex/minted\minted.sty
Package: minted 2017/07/19 v2.5 Yet another Pygments shim for LaTeX

(C:\Users\snati\AppData\Roaming\MiKTeX\2.9\tex/latex/fvextra\fvextra.sty
Package: fvextra 2019/02/04 v1.4 fvextra - extensions and patches for fancyvrb

("C:\Program Files\MiKTeX 2.9\tex/latex/base\ifthen.sty"
Package: ifthen 2014/09/29 v1.1c Standard LaTeX ifthen package (DPC)
)
(C:\Users\snati\AppData\Roaming\MiKTeX\2.9\tex/latex/etoolbox\etoolbox.sty
Package: etoolbox 2018/08/19 v2.5f e-TeX tools for LaTeX (JAW)
\etb@tempcnta=\count296
)
(C:\Users\snati\AppData\Roaming\MiKTeX\2.9\tex/latex/fancyvrb\fancyvrb.sty
Package: fancyvrb 2018/11/20

Style option: `fancyvrb' v3.1a <2018/11/20> (tvz)
(C:\Users\snati\AppData\Roaming\MiKTeX\2.9\tex/latex/xcolor\xcolor.sty
Package: xcolor 2016/05/11 v2.12 LaTeX color extensions (UK)

("C:\Program Files\MiKTeX 2.9\tex/latex/graphics-cfg\color.cfg"
File: color.cfg 2016/01/02 v1.6 sample color configuration
)
Package xcolor Info: Driver file: pdftex.def on input line 225.
Package xcolor Info: Model `cmy' substituted by `cmy0' on input line 1348.
Package xcolor Info: Model `hsb' substituted by `rgb' on input line 1352.
Package xcolor Info: Model `RGB' extended on input line 1364.
Package xcolor Info: Model `HTML' substituted by `rgb' on input line 1366.
Package xcolor Info: Model `Hsb' substituted by `hsb' on input line 1367.
Package xcolor Info: Model `tHsb' substituted by `hsb' on input line 1368.
Package xcolor Info: Model `HSB' substituted by `hsb' on input line 1369.
Package xcolor Info: Model `Gray' substituted by `gray' on input line 1370.
Package xcolor Info: Model `wave' substituted by `hsb' on input line 1371.
)
\FV@CodeLineNo=\count297
\FV@InFile=\read2
\FV@TabBox=\box64
\c@FancyVerbLine=\count298
\FV@StepNumber=\count299
\FV@OutFile=\write3
)
(C:\Users\snati\AppData\Roaming\MiKTeX\2.9\tex/latex/upquote\upquote.sty
Package: upquote 2012/04/19 v1.3 upright-quote and grave-accent glyphs in verba
tim

("C:\Program Files\MiKTeX 2.9\tex/latex/base\textcomp.sty"
Package: textcomp 2018/08/11 v2.0j Standard LaTeX package
Package textcomp Info: Sub-encoding information:
(textcomp)               5 = only ISO-Adobe without \textcurrency
(textcomp)               4 = 5 + \texteuro
(textcomp)               3 = 4 + \textohm
(textcomp)               2 = 3 + \textestimated + \textcurrency
(textcomp)               1 = TS1 - \textcircled - \t
(textcomp)               0 = TS1 (full)
(textcomp)             Font families with sub-encoding setting implement
(textcomp)             only a restricted character set as indicated.
(textcomp)             Family '?' is the default used for unknown fonts.
(textcomp)             See the documentation for details.
Package textcomp Info: Setting ? sub-encoding to TS1/1 on input line 79.

("C:\Program Files\MiKTeX 2.9\tex/latex/base\ts1enc.def"
File: ts1enc.def 2001/06/05 v3.0e (jk/car/fm) Standard LaTeX file
Now handling font encoding TS1 ...
... processing UTF-8 mapping file for font encoding TS1

("C:\Program Files\MiKTeX 2.9\tex/latex/base\ts1enc.dfu"
File: ts1enc.dfu 2018/10/05 v1.2f UTF-8 support for inputenc
   defining Unicode char U+00A2 (decimal 162)
   defining Unicode char U+00A3 (decimal 163)
   defining Unicode char U+00A4 (decimal 164)
   defining Unicode char U+00A5 (decimal 165)
   defining Unicode char U+00A6 (decimal 166)
   defining Unicode char U+00A7 (decimal 167)
   defining Unicode char U+00A8 (decimal 168)
   defining Unicode char U+00A9 (decimal 169)
   defining Unicode char U+00AA (decimal 170)
   defining Unicode char U+00AC (decimal 172)
   defining Unicode char U+00AE (decimal 174)
   defining Unicode char U+00AF (decimal 175)
   defining Unicode char U+00B0 (decimal 176)
   defining Unicode char U+00B1 (decimal 177)
   defining Unicode char U+00B2 (decimal 178)
   defining Unicode char U+00B3 (decimal 179)
   defining Unicode char U+00B4 (decimal 180)
   defining Unicode char U+00B5 (decimal 181)
   defining Unicode char U+00B6 (decimal 182)
   defining Unicode char U+00B7 (decimal 183)
   defining Unicode char U+00B9 (decimal 185)
   defining Unicode char U+00BA (decimal 186)
   defining Unicode char U+00BC (decimal 188)
   defining Unicode char U+00BD (decimal 189)
   defining Unicode char U+00BE (decimal 190)
   defining Unicode char U+00D7 (decimal 215)
   defining Unicode char U+00F7 (decimal 247)
   defining Unicode char U+0192 (decimal 402)
   defining Unicode char U+02C7 (decimal 711)
   defining Unicode char U+02D8 (decimal 728)
   defining Unicode char U+02DD (decimal 733)
   defining Unicode char U+0E3F (decimal 3647)
   defining Unicode char U+2016 (decimal 8214)
   defining Unicode char U+2020 (decimal 8224)
   defining Unicode char U+2021 (decimal 8225)
   defining Unicode char U+2022 (decimal 8226)
   defining Unicode char U+2030 (decimal 8240)
   defining Unicode char U+2031 (decimal 8241)
   defining Unicode char U+203B (decimal 8251)
   defining Unicode char U+203D (decimal 8253)
   defining Unicode char U+2044 (decimal 8260)
   defining Unicode char U+204E (decimal 8270)
   defining Unicode char U+2052 (decimal 8274)
   defining Unicode char U+20A1 (decimal 8353)
   defining Unicode char U+20A4 (decimal 8356)
   defining Unicode char U+20A6 (decimal 8358)
   defining Unicode char U+20A9 (decimal 8361)
   defining Unicode char U+20AB (decimal 8363)
   defining Unicode char U+20AC (decimal 8364)
   defining Unicode char U+20B1 (decimal 8369)
   defining Unicode char U+2103 (decimal 8451)
   defining Unicode char U+2116 (decimal 8470)
   defining Unicode char U+2117 (decimal 8471)
   defining Unicode char U+211E (decimal 8478)
   defining Unicode char U+2120 (decimal 8480)
   defining Unicode char U+2122 (decimal 8482)
   defining Unicode char U+2126 (decimal 8486)
   defining Unicode char U+2127 (decimal 8487)
   defining Unicode char U+212E (decimal 8494)
   defining Unicode char U+2190 (decimal 8592)
   defining Unicode char U+2191 (decimal 8593)
   defining Unicode char U+2192 (decimal 8594)
   defining Unicode char U+2193 (decimal 8595)
   defining Unicode char U+2329 (decimal 9001)
   defining Unicode char U+232A (decimal 9002)
   defining Unicode char U+2422 (decimal 9250)
   defining Unicode char U+25E6 (decimal 9702)
   defining Unicode char U+25EF (decimal 9711)
   defining Unicode char U+266A (decimal 9834)
   defining Unicode char U+FEFF (decimal 65279)
))
LaTeX Info: Redefining \oldstylenums on input line 334.
Package textcomp Info: Setting cmr sub-encoding to TS1/0 on input line 349.
Package textcomp Info: Setting cmss sub-encoding to TS1/0 on input line 350.
Package textcomp Info: Setting cmtt sub-encoding to TS1/0 on input line 351.
Package textcomp Info: Setting cmvtt sub-encoding to TS1/0 on input line 352.
Package textcomp Info: Setting cmbr sub-encoding to TS1/0 on input line 353.
Package textcomp Info: Setting cmtl sub-encoding to TS1/0 on input line 354.
Package textcomp Info: Setting ccr sub-encoding to TS1/0 on input line 355.
Package textcomp Info: Setting ptm sub-encoding to TS1/4 on input line 356.
Package textcomp Info: Setting pcr sub-encoding to TS1/4 on input line 357.
Package textcomp Info: Setting phv sub-encoding to TS1/4 on input line 358.
Package textcomp Info: Setting ppl sub-encoding to TS1/3 on input line 359.
Package textcomp Info: Setting pag sub-encoding to TS1/4 on input line 360.
Package textcomp Info: Setting pbk sub-encoding to TS1/4 on input line 361.
Package textcomp Info: Setting pnc sub-encoding to TS1/4 on input line 362.
Package textcomp Info: Setting pzc sub-encoding to TS1/4 on input line 363.
Package textcomp Info: Setting bch sub-encoding to TS1/4 on input line 364.
Package textcomp Info: Setting put sub-encoding to TS1/5 on input line 365.
Package textcomp Info: Setting uag sub-encoding to TS1/5 on input line 366.
Package textcomp Info: Setting ugq sub-encoding to TS1/5 on input line 367.
Package textcomp Info: Setting ul8 sub-encoding to TS1/4 on input line 368.
Package textcomp Info: Setting ul9 sub-encoding to TS1/4 on input line 369.
Package textcomp Info: Setting augie sub-encoding to TS1/5 on input line 370.
Package textcomp Info: Setting dayrom sub-encoding to TS1/3 on input line 371.
Package textcomp Info: Setting dayroms sub-encoding to TS1/3 on input line 372.

Package textcomp Info: Setting pxr sub-encoding to TS1/0 on input line 373.
Package textcomp Info: Setting pxss sub-encoding to TS1/0 on input line 374.
Package textcomp Info: Setting pxtt sub-encoding to TS1/0 on input line 375.
Package textcomp Info: Setting txr sub-encoding to TS1/0 on input line 376.
Package textcomp Info: Setting txss sub-encoding to TS1/0 on input line 377.
Package textcomp Info: Setting txtt sub-encoding to TS1/0 on input line 378.
Package textcomp Info: Setting lmr sub-encoding to TS1/0 on input line 379.
Package textcomp Info: Setting lmdh sub-encoding to TS1/0 on input line 380.
Package textcomp Info: Setting lmss sub-encoding to TS1/0 on input line 381.
Package textcomp Info: Setting lmssq sub-encoding to TS1/0 on input line 382.
Package textcomp Info: Setting lmvtt sub-encoding to TS1/0 on input line 383.
Package textcomp Info: Setting lmtt sub-encoding to TS1/0 on input line 384.
Package textcomp Info: Setting qhv sub-encoding to TS1/0 on input line 385.
Package textcomp Info: Setting qag sub-encoding to TS1/0 on input line 386.
Package textcomp Info: Setting qbk sub-encoding to TS1/0 on input line 387.
Package textcomp Info: Setting qcr sub-encoding to TS1/0 on input line 388.
Package textcomp Info: Setting qcs sub-encoding to TS1/0 on input line 389.
Package textcomp Info: Setting qpl sub-encoding to TS1/0 on input line 390.
Package textcomp Info: Setting qtm sub-encoding to TS1/0 on input line 391.
Package textcomp Info: Setting qzc sub-encoding to TS1/0 on input line 392.
Package textcomp Info: Setting qhvc sub-encoding to TS1/0 on input line 393.
Package textcomp Info: Setting futs sub-encoding to TS1/4 on input line 394.
Package textcomp Info: Setting futx sub-encoding to TS1/4 on input line 395.
Package textcomp Info: Setting futj sub-encoding to TS1/4 on input line 396.
Package textcomp Info: Setting hlh sub-encoding to TS1/3 on input line 397.
Package textcomp Info: Setting hls sub-encoding to TS1/3 on input line 398.
Package textcomp Info: Setting hlst sub-encoding to TS1/3 on input line 399.
Package textcomp Info: Setting hlct sub-encoding to TS1/5 on input line 400.
Package textcomp Info: Setting hlx sub-encoding to TS1/5 on input line 401.
Package textcomp Info: Setting hlce sub-encoding to TS1/5 on input line 402.
Package textcomp Info: Setting hlcn sub-encoding to TS1/5 on input line 403.
Package textcomp Info: Setting hlcw sub-encoding to TS1/5 on input line 404.
Package textcomp Info: Setting hlcf sub-encoding to TS1/5 on input line 405.
Package textcomp Info: Setting pplx sub-encoding to TS1/3 on input line 406.
Package textcomp Info: Setting pplj sub-encoding to TS1/3 on input line 407.
Package textcomp Info: Setting ptmx sub-encoding to TS1/4 on input line 408.
Package textcomp Info: Setting ptmj sub-encoding to TS1/4 on input line 409.
))
(C:\Users\snati\AppData\Roaming\MiKTeX\2.9\tex/latex/lineno\lineno.sty
Package: lineno 2005/11/02 line numbers on paragraphs v4.41
\linenopenalty=\count300
\output=\toks37
\linenoprevgraf=\count301
\linenumbersep=\dimen196
\linenumberwidth=\dimen197
\c@linenumber=\count302
\c@pagewiselinenumber=\count303
\c@LN@truepage=\count304
\c@internallinenumber=\count305
\c@internallinenumbers=\count306
\quotelinenumbersep=\dimen198
\bframerule=\dimen199
\bframesep=\dimen256
\bframebox=\box65
LaTeX Info: Redefining \\ on input line 3056.
)
\c@FV@TrueTabGroupLevel=\count307
\c@FV@TrueTabCounter=\count308
\FV@TabBox@Group=\box66
\FV@TmpLength=\skip65
\c@FV@HighlightLinesStart=\count309
\c@FV@HighlightLinesStop=\count310
\FV@LoopCount=\count311
\FV@NCharsBox=\box67
\FV@BreakIndent=\dimen257
\FV@BreakIndentNChars=\count312
\FV@BreakSymbolSepLeft=\dimen258
\FV@BreakSymbolSepLeftNChars=\count313
\FV@BreakSymbolSepRight=\dimen259
\FV@BreakSymbolSepRightNChars=\count314
\FV@BreakSymbolIndentLeft=\dimen260
\FV@BreakSymbolIndentLeftNChars=\count315
\FV@BreakSymbolIndentRight=\dimen261
\FV@BreakSymbolIndentRightNChars=\count316
\c@FancyVerbLineBreakLast=\count317
\FV@LineBox=\box68
\FV@LineIndentBox=\box69
\FV@LineWidth=\dimen262
)
("C:\Program Files\MiKTeX 2.9\tex/latex/tools\calc.sty"
Package: calc 2017/05/25 v4.3 Infix arithmetic (KKT,FJ)
\calc@Acount=\count318
\calc@Bcount=\count319
\calc@Adimen=\dimen263
\calc@Bdimen=\dimen264
\calc@Askip=\skip66
\calc@Bskip=\skip67
LaTeX Info: Redefining \setlength on input line 80.
LaTeX Info: Redefining \addtolength on input line 81.
\calc@Ccount=\count320
\calc@Cskip=\skip68
)
("C:\Program Files\MiKTeX 2.9\tex/latex/tools\shellesc.sty"
Package: shellesc 2016/06/07 v0.02a unified shell escape interface for LaTeX
Package shellesc Info: Unrestricted shell escape enabled on input line 67.
)
(C:\Users\snati\AppData\Roaming\MiKTeX\2.9\tex/latex/ifplatform\ifplatform.sty
Package: ifplatform 2017/10/13 v0.4a Testing for the operating system

("C:\Program Files\MiKTeX 2.9\tex/generic/oberdiek\catchfile.sty"
Package: catchfile 2016/05/16 v1.7 Catch the contents of a file (HO)
))
(C:\Users\snati\AppData\Roaming\MiKTeX\2.9\tex/latex/xstring\xstring.sty
(C:\Users\snati\AppData\Roaming\MiKTeX\2.9\tex/generic/xstring\xstring.tex
\integerpart=\count321
\decimalpart=\count322
)
Package: xstring 2019/02/06 v1.83 String manipulations (CT)
)
(C:\Users\snati\AppData\Roaming\MiKTeX\2.9\tex/latex/framed\framed.sty
Package: framed 2011/10/22 v 0.96: framed or shaded text with page breaks
\OuterFrameSep=\skip69
\fb@frw=\dimen265
\fb@frh=\dimen266
\FrameRule=\dimen267
\FrameSep=\dimen268
)
\minted@appexistsfile=\read3
\minted@bgbox=\box70
\minted@code=\write4
\c@minted@FancyVerbLineTemp=\count323
\c@minted@pygmentizecounter=\count324
\@float@every@listing=\toks38
\c@listing=\count325
)
runsystem(if not exist _minted-main mkdir _minted-main)...executed.

\@float@every@table=\toks39
runsystem(for ^%i in (pygmentize.exe pygmentize.bat pygmentize.cmd) do set > ma
in.aex <nul: /p x=^%~$PATH:i>> main.aex)...executed.

runsystem(del main.aex)...executed.


No file main.aux.
\openout1 = `main.aux'.

LaTeX Font Info:    Checking defaults for OML/cmm/m/it on input line 24.
LaTeX Font Info:    ... okay on input line 24.
LaTeX Font Info:    Checking defaults for T1/cmr/m/n on input line 24.
LaTeX Font Info:    ... okay on input line 24.
LaTeX Font Info:    Checking defaults for OT1/cmr/m/n on input line 24.
LaTeX Font Info:    ... okay on input line 24.
LaTeX Font Info:    Checking defaults for OMS/cmsy/m/n on input line 24.
LaTeX Font Info:    ... okay on input line 24.
LaTeX Font Info:    Checking defaults for OMX/cmex/m/n on input line 24.
LaTeX Font Info:    ... okay on input line 24.
LaTeX Font Info:    Checking defaults for U/cmr/m/n on input line 24.
LaTeX Font Info:    ... okay on input line 24.
LaTeX Font Info:    Checking defaults for PD1/pdf/m/n on input line 24.
LaTeX Font Info:    ... okay on input line 24.
LaTeX Font Info:    Checking defaults for TS1/cmr/m/n on input line 24.
LaTeX Font Info:    Try loading font information for TS1+cmr on input line 24.
("C:\Program Files\MiKTeX 2.9\tex/latex/base\ts1cmr.fd"
File: ts1cmr.fd 2014/09/29 v2.5h Standard LaTeX font definitions
)
LaTeX Font Info:    ... okay on input line 24.
LaTeX Font Info:    Try loading font information for T1+lmr on input line 24.

("C:\Program Files\MiKTeX 2.9\tex/latex/lm\t1lmr.fd"
File: t1lmr.fd 2009/10/30 v1.6 Font defs for Latin Modern
)
(C:\Users\snati\AppData\Roaming\MiKTeX\2.9\tex/latex/translator\translator-basi
c-dictionary-English.dict
Dictionary: translator-basic-dictionary, Language: English 
)
(C:\Users\snati\AppData\Roaming\MiKTeX\2.9\tex/latex/siunitx\siunitx-abbreviati
ons.cfg
File: siunitx-abbreviations.cfg 2017/11/26 v2.7k siunitx: Abbreviated units
)
(C:\Users\snati\AppData\Roaming\MiKTeX\2.9\tex/context/base\supp-pdf.mkii
[Loading MPS to PDF converter (version 2006.09.02).]
\scratchcounter=\count326
\scratchdimen=\dimen269
\scratchbox=\box71
\nofMPsegments=\count327
\nofMParguments=\count328
\everyMPshowfont=\toks40
\MPscratchCnt=\count329
\MPscratchDim=\dimen270
\MPnumerator=\count330
\makeMPintoPDFobject=\count331
\everyMPtoPDFconversion=\toks41
) ("C:\Program Files\MiKTeX 2.9\tex/latex/oberdiek\epstopdf-base.sty"
Package: epstopdf-base 2016/05/15 v2.6 Base part for package epstopdf

("C:\Program Files\MiKTeX 2.9\tex/latex/oberdiek\grfext.sty"
Package: grfext 2016/05/16 v1.2 Manage graphics extensions (HO)
)
Package epstopdf-base Info: Redefining graphics rule for `.eps' on input line 4
38.
Package grfext Info: Graphics extension search list:
(grfext)             [.pdf,.png,.jpg,.mps,.jpeg,.jbig2,.jb2,.PDF,.PNG,.JPG,.JPE
G,.JBIG2,.JB2,.eps]
(grfext)             \AppendGraphicsExtensions on input line 456.
)
\AtBeginShipoutBox=\box72
Package hyperref Info: Link coloring OFF on input line 24.

("C:\Program Files\MiKTeX 2.9\tex/latex/hyperref\nameref.sty"
Package: nameref 2016/05/21 v2.44 Cross-referencing by name of section

("C:\Program Files\MiKTeX 2.9\tex/generic/oberdiek\gettitlestring.sty"
Package: gettitlestring 2016/05/16 v1.5 Cleanup title references (HO)
)
\c@section@level=\count332
)
LaTeX Info: Redefining \ref on input line 24.
LaTeX Info: Redefining \pageref on input line 24.
LaTeX Info: Redefining \nameref on input line 24.
\@outlinefile=\write5
\openout5 = `main.out'.

LaTeX Info: Redefining \microtypecontext on input line 24.
Package microtype Info: Generating PDF output.
Package microtype Info: Character protrusion enabled (level 2).
Package microtype Info: Using default protrusion set `alltext'.
Package microtype Info: Automatic font expansion enabled (level 2),
(microtype)             stretch: 20, shrink: 20, step: 1, non-selected.
Package microtype Info: Using default expansion set `basictext'.
Package microtype Info: No adjustment of tracking.
Package microtype Info: No adjustment of interword spacing.
Package microtype Info: No adjustment of character kerning.

(C:\Users\snati\AppData\Roaming\MiKTeX\2.9\tex/latex/microtype\mt-cmr.cfg
File: mt-cmr.cfg 2013/05/19 v2.2 microtype config. file: Computer Modern Roman 
(RS)
)
*geometry* driver: auto-detecting
*geometry* detected driver: pdftex
*geometry* verbose mode - [ preamble ] result:
* driver: pdftex
* paper: a4paper
* layout: <same size as paper>
* layoutoffset:(h,v)=(0.0pt,0.0pt)
* modes: 
* h-part:(L,W,R)=(71.13188pt, 455.24411pt, 71.13188pt)
* v-part:(T,H,B)=(71.13188pt, 702.78308pt, 71.13188pt)
* \paperwidth=597.50787pt
* \paperheight=845.04684pt
* \textwidth=455.24411pt
* \textheight=702.78308pt
* \oddsidemargin=-1.1381pt
* \evensidemargin=-1.1381pt
* \topmargin=-38.1381pt
* \headheight=12.0pt
* \headsep=25.0pt
* \topskip=11.0pt
* \footskip=30.0pt
* \marginparwidth=59.0pt
* \marginparsep=10.0pt
* \columnsep=10.0pt
* \skip\footins=10.0pt plus 4.0pt minus 2.0pt
* \hoffset=0.0pt
* \voffset=0.0pt
* \mag=1000
* \@twocolumnfalse
* \@twosidefalse
* \@mparswitchfalse
* \@reversemarginfalse
* (1in=72.27pt=25.4mm, 1cm=28.453pt)

LaTeX Font Info:    Try loading font information for OT1+lmr on input line 24.
("C:\Program Files\MiKTeX 2.9\tex/latex/lm\ot1lmr.fd"
File: ot1lmr.fd 2009/10/30 v1.6 Font defs for Latin Modern
)
LaTeX Font Info:    Try loading font information for OML+lmm on input line 24.

("C:\Program Files\MiKTeX 2.9\tex/latex/lm\omllmm.fd"
File: omllmm.fd 2009/10/30 v1.6 Font defs for Latin Modern
)
LaTeX Font Info:    Try loading font information for OMS+lmsy on input line 24.


("C:\Program Files\MiKTeX 2.9\tex/latex/lm\omslmsy.fd"
File: omslmsy.fd 2009/10/30 v1.6 Font defs for Latin Modern
)
LaTeX Font Info:    Try loading font information for OMX+lmex on input line 24.


("C:\Program Files\MiKTeX 2.9\tex/latex/lm\omxlmex.fd"
File: omxlmex.fd 2009/10/30 v1.6 Font defs for Latin Modern
)
LaTeX Font Info:    External font `lmex10' loaded for size
(Font)              <10.95> on input line 24.
LaTeX Font Info:    External font `lmex10' loaded for size
(Font)              <8> on input line 24.
LaTeX Font Info:    External font `lmex10' loaded for size
(Font)              <6> on input line 24.
LaTeX Font Info:    Try loading font information for U+msa on input line 24.

("C:\Program Files\MiKTeX 2.9\tex/latex/amsfonts\umsa.fd"
File: umsa.fd 2013/01/14 v3.01 AMS symbols A
)
(C:\Users\snati\AppData\Roaming\MiKTeX\2.9\tex/latex/microtype\mt-msa.cfg
File: mt-msa.cfg 2006/02/04 v1.1 microtype config. file: AMS symbols (a) (RS)
)
LaTeX Font Info:    Try loading font information for U+msb on input line 24.

("C:\Program Files\MiKTeX 2.9\tex/latex/amsfonts\umsb.fd"
File: umsb.fd 2013/01/14 v3.01 AMS symbols B
)
(C:\Users\snati\AppData\Roaming\MiKTeX\2.9\tex/latex/microtype\mt-msb.cfg
File: mt-msb.cfg 2005/06/01 v1.0 microtype config. file: AMS symbols (b) (RS)
)
LaTeX Font Info:    Try loading font information for OT1+lmss on input line 24.


("C:\Program Files\MiKTeX 2.9\tex/latex/lm\ot1lmss.fd"
File: ot1lmss.fd 2009/10/30 v1.6 Font defs for Latin Modern
)
Package microtype Info: Loading generic protrusion settings for font family
(microtype)             `lmss' (encoding: OT1).
(microtype)             For optimal results, create family-specific settings.
(microtype)             See the microtype manual for details.
LaTeX Font Info:    Try loading font information for OT1+lmtt on input line 24.


("C:\Program Files\MiKTeX 2.9\tex/latex/lm\ot1lmtt.fd"
File: ot1lmtt.fd 2009/10/30 v1.6 Font defs for Latin Modern
)
Package microtype Info: Loading generic protrusion settings for font family
(microtype)             `lmtt' (encoding: OT1).
(microtype)             For optimal results, create family-specific settings.
(microtype)             See the microtype manual for details.
LaTeX Font Info:    External font `lmex10' loaded for size
(Font)              <12> on input line 26.
 [1

{C:/Users/snati/AppData/Local/MiKTeX/2.9/pdftex/config/pdftex.map}]
LaTeX Font Info:    Try loading font information for T1+lmtt on input line 30.

("C:\Program Files\MiKTeX 2.9\tex/latex/lm\t1lmtt.fd"
File: t1lmtt.fd 2009/10/30 v1.6 Font defs for Latin Modern
)
Package microtype Info: Loading generic protrusion settings for font family
(microtype)             `lmtt' (encoding: T1).
(microtype)             For optimal results, create family-specific settings.
(microtype)             See the microtype manual for details.
\openout3 = `main.pyg'.

runsystem(pygmentize -S default -f latex -P commandprefix=PYG > _minted-main\de
fault-pyg-prefix.pygstyle)...executed.


(_minted-main/default-pyg-prefix.pygstyle)
runsystem(pygmentize -S perldoc -f latex -P commandprefix=PYGperldoc > _minted-
main\perldoc.pygstyle)...executed.

 (_minted-main/perldoc.pygstyle)
runsystem(pygmentize -l matlab -f latex -P commandprefix=PYG -F tokenmerge -o _
minted-main/FECFEAA94FC8859D2BC31D3148E6E09547F110EDB9A772A0FE7FE29888374FEA.py
gtex main.pyg)...executed.


(_minted-main/FECFEAA94FC8859D2BC31D3148E6E09547F110EDB9A772A0FE7FE29888374FEA.
pygtex
LaTeX Font Info:    Font shape `T1/lmtt/bx/n' in size <10.95> not available
(Font)              Font shape `T1/lmtt/b/n' tried instead on input line 7.
)
\openout4 = `main.pyg'.

runsystem(pygmentize -l matlab -f latex -P commandprefix=PYG -F tokenmerge -o _
minted-main/F6C2C51663847EAC8530C87C1B7620CE47F110EDB9A772A0FE7FE29888374FEA.py
gtex main.pyg)...executed.


(_minted-main/F6C2C51663847EAC8530C87C1B7620CE47F110EDB9A772A0FE7FE29888374FEA.
pygtex)
\openout3 = `main.pyg'.

runsystem(pygmentize -l matlab -f latex -P commandprefix=PYG -F tokenmerge -o _
minted-main/F2538236541C41E943FD00ED8C5049C847F110EDB9A772A0FE7FE29888374FEA.py
gtex main.pyg)...executed.


(_minted-main/F2538236541C41E943FD00ED8C5049C847F110EDB9A772A0FE7FE29888374FEA.
pygtex)
Underfull \hbox (badness 10000) in paragraph at lines 54--55

 []

pdfTeX warning (ext4): destination with the same identifier (name{page.1}) has 
been already used, duplicate ignored
<to be read again> 
                   \relax 
l.76 \newpage
              [1]
<bretti.png, id=26, 1124.2pt x 843.15pt>
File: bretti.png Graphic file (type png)
<use bretti.png>
Package pdftex.def Info: bretti.png  used on input line 89.
(pdftex.def)             Requested size: 337.2626pt x 252.94695pt.
\openout3 = `main.pyg'.

runsystem(pygmentize -l matlab -f latex -P commandprefix=PYG -F tokenmerge -o _
minted-main/681BAAE67154B5A10B4DAB862086955847F110EDB9A772A0FE7FE29888374FEA.py
gtex main.pyg)...executed.


(_minted-main/681BAAE67154B5A10B4DAB862086955847F110EDB9A772A0FE7FE29888374FEA.
pygtex) [2 <./bretti.png (PNG copy)>]
\openout3 = `main.pyg'.

runsystem(pygmentize -l matlab -f latex -P commandprefix=PYG -F tokenmerge -o _
minted-main/9363244B90B8626976DB7F2CE40CA21C47F110EDB9A772A0FE7FE29888374FEA.py
gtex main.pyg)...executed.


(_minted-main/9363244B90B8626976DB7F2CE40CA21C47F110EDB9A772A0FE7FE29888374FEA.
pygtex) [3] [4]
\openout3 = `main.pyg'.

runsystem(pygmentize -l matlab -f latex -P commandprefix=PYG -F tokenmerge -o _
minted-main/4F4AC45567945DE38D540D3B7D3368DD47F110EDB9A772A0FE7FE29888374FEA.py
gtex main.pyg)...executed.


(_minted-main/4F4AC45567945DE38D540D3B7D3368DD47F110EDB9A772A0FE7FE29888374FEA.
pygtex) [5]
<bretti_m_hrugu.png, id=56, 1124.2pt x 843.15pt>
File: bretti_m_hrugu.png Graphic file (type png)
<use bretti_m_hrugu.png>
Package pdftex.def Info: bretti_m_hrugu.png  used on input line 255.
(pdftex.def)             Requested size: 361.34999pt x 271.01pt.
<m_hrugu_close.png, id=57, 1124.2pt x 843.15pt>
File: m_hrugu_close.png Graphic file (type png)
<use m_hrugu_close.png>
Package pdftex.def Info: m_hrugu_close.png  used on input line 260.
(pdftex.def)             Requested size: 361.34999pt x 271.01pt.
 [6 <./bretti_m_hrugu.png (PNG copy)> <./m_hrugu_close.png (PNG copy)>]
<loglogGraf_5_.png, id=65, 526.96875pt x 395.22656pt>
File: loglogGraf_5_.png Graphic file (type png)
<use loglogGraf_5_.png>
Package pdftex.def Info: loglogGraf_5_.png  used on input line 267.
(pdftex.def)             Requested size: 337.25883pt x 252.94412pt.

Underfull \hbox (badness 10000) in paragraph at lines 264--269

 []

[7 <./loglogGraf_5_.png (PNG copy)>]
\openout3 = `main.pyg'.

runsystem(pygmentize -l matlab -f latex -P commandprefix=PYG -F tokenmerge -o _
minted-main/87BD22E4AA0643460A969A8A4884D0AB47F110EDB9A772A0FE7FE29888374FEA.py
gtex main.pyg)...executed.


(_minted-main/87BD22E4AA0643460A969A8A4884D0AB47F110EDB9A772A0FE7FE29888374FEA.
pygtex)
<bretti_m_dyfingarmanni.png, id=71, 1124.2pt x 843.15pt>
File: bretti_m_dyfingarmanni.png Graphic file (type png)
<use bretti_m_dyfingarmanni.png>
Package pdftex.def Info: bretti_m_dyfingarmanni.png  used on input line 292.
(pdftex.def)             Requested size: 359.75136pt x 269.8135pt.
 [8 <./bretti_m_dyfingarmanni.png (PNG copy)>]
\openout3 = `main.pyg'.

runsystem(pygmentize -l matlab -f latex -P commandprefix=PYG -F tokenmerge -o _
minted-main/1F36F0E250FC76B4554E1984AD175DCD47F110EDB9A772A0FE7FE29888374FEA.py
gtex main.pyg)...executed.


(_minted-main/1F36F0E250FC76B4554E1984AD175DCD47F110EDB9A772A0FE7FE29888374FEA.
pygtex)
<britch.png, id=79, 1124.2pt x 843.15pt>
File: britch.png Graphic file (type png)
<use britch.png>
Package pdftex.def Info: britch.png  used on input line 352.
(pdftex.def)             Requested size: 337.2626pt x 252.94695pt.
<britch_close.png, id=80, 1124.2pt x 843.15pt>
File: britch_close.png Graphic file (type png)
<use britch_close.png>
Package pdftex.def Info: britch_close.png  used on input line 357.
(pdftex.def)             Requested size: 337.2626pt x 252.94695pt.
 [9] [10 <./britch.png (PNG copy)> <./britch_close.png (PNG copy)>]
<hellingur.png, id=94, 1124.2pt x 843.15pt>
File: hellingur.png Graphic file (type png)
<use hellingur.png>
Package pdftex.def Info: hellingur.png  used on input line 379.
(pdftex.def)             Requested size: 292.28511pt x 219.21382pt.
LaTeX Font Info:    Try loading font information for TS1+lmr on input line 384.


("C:\Program Files\MiKTeX 2.9\tex/latex/lm\ts1lmr.fd"
File: ts1lmr.fd 2009/10/30 v1.6 Font defs for Latin Modern
)
<gullstick.png, id=95, 1124.2pt x 843.15pt>
File: gullstick.png Graphic file (type png)
<use gullstick.png>
Package pdftex.def Info: gullstick.png  used on input line 387.
(pdftex.def)             Requested size: 337.2626pt x 252.94695pt.
<jello.png, id=96, 1124.2pt x 843.15pt>
File: jello.png Graphic file (type png)
<use jello.png>
Package pdftex.def Info: jello.png  used on input line 392.
(pdftex.def)             Requested size: 337.2626pt x 252.94695pt.
 [11 <./hellingur.png (PNG copy)>] [12 <./gullstick.png (PNG copy)> <./jello.pn
g (PNG copy)>]
\openout4 = `main.pyg'.


(_minted-main/F6C2C51663847EAC8530C87C1B7620CE47F110EDB9A772A0FE7FE29888374FEA.
pygtex
LaTeX Font Info:    Font shape `T1/lmtt/bx/n' in size <14.4> not available
(Font)              Font shape `T1/lmtt/b/n' tried instead on input line 1.
)
\openout3 = `main.pyg'.

runsystem(pygmentize -l matlab -f latex -P commandprefix=PYG -F tokenmerge -o _
minted-main/D7F904F6550CE85D242FE12A66281F4E47F110EDB9A772A0FE7FE29888374FEA.py
gtex main.pyg)...executed.


(_minted-main/D7F904F6550CE85D242FE12A66281F4E47F110EDB9A772A0FE7FE29888374FEA.
pygtex [13]) [14]
\openout4 = `main.pyg'.

runsystem(pygmentize -l matlab -f latex -P commandprefix=PYG -F tokenmerge -o _
minted-main/D36482A5A42C2361F71A3D3F1E4285A747F110EDB9A772A0FE7FE29888374FEA.py
gtex main.pyg)...executed.


(_minted-main/D36482A5A42C2361F71A3D3F1E4285A747F110EDB9A772A0FE7FE29888374FEA.
pygtex)
\openout3 = `main.pyg'.

runsystem(pygmentize -l matlab -f latex -P commandprefix=PYG -F tokenmerge -o _
minted-main/CCDCBE5C61A6BFFD5296CEF41F12185447F110EDB9A772A0FE7FE29888374FEA.py
gtex main.pyg)...executed.


(_minted-main/CCDCBE5C61A6BFFD5296CEF41F12185447F110EDB9A772A0FE7FE29888374FEA.
pygtex [15]) [16]
\openout4 = `main.pyg'.

runsystem(pygmentize -l matlab -f latex -P commandprefix=PYG -F tokenmerge -o _
minted-main/AB6C264DFCE957690E6105FB2E2206F947F110EDB9A772A0FE7FE29888374FEA.py
gtex main.pyg)...executed.


(_minted-main/AB6C264DFCE957690E6105FB2E2206F947F110EDB9A772A0FE7FE29888374FEA.
pygtex)
\openout3 = `main.pyg'.

runsystem(pygmentize -l matlab -f latex -P commandprefix=PYG -F tokenmerge -o _
minted-main/2BCD586BE99AE79C62906AAD757401EB47F110EDB9A772A0FE7FE29888374FEA.py
gtex main.pyg)...executed.


(_minted-main/2BCD586BE99AE79C62906AAD757401EB47F110EDB9A772A0FE7FE29888374FEA.
pygtex) [17]
\openout4 = `main.pyg'.

runsystem(pygmentize -l matlab -f latex -P commandprefix=PYG -F tokenmerge -o _
minted-main/29D1BEB4B530F98904B6B46BB687ECAB47F110EDB9A772A0FE7FE29888374FEA.py
gtex main.pyg)...executed.


(_minted-main/29D1BEB4B530F98904B6B46BB687ECAB47F110EDB9A772A0FE7FE29888374FEA.
pygtex)
\openout3 = `main.pyg'.

runsystem(pygmentize -l matlab -f latex -P commandprefix=PYG -F tokenmerge -o _
minted-main/75D729A0857A422CFA6E19FB4B338C0447F110EDB9A772A0FE7FE29888374FEA.py
gtex main.pyg)...executed.


(_minted-main/75D729A0857A422CFA6E19FB4B338C0447F110EDB9A772A0FE7FE29888374FEA.
pygtex
LaTeX Font Info:    Try loading font information for TS1+lmtt on input line 7.
 ("C:\Program Files\MiKTeX 2.9\tex/latex/lm\ts1lmtt.fd"
File: ts1lmtt.fd 2009/10/30 v1.6 Font defs for Latin Modern
)
Package microtype Info: Loading generic protrusion settings for font family
(microtype)             `lmtt' (encoding: TS1).
(microtype)             For optimal results, create family-specific settings.
(microtype)             See the microtype manual for details.
Package microtype Info: Character `texttrademark ' is missing
(microtype)             in font `TS1/lmtt/m/n/10.95'.
(microtype)             Ignoring protrusion settings for this character.
 [18]) [19]
\openout4 = `main.pyg'.

runsystem(pygmentize -l matlab -f latex -P commandprefix=PYG -F tokenmerge -o _
minted-main/ED99AA324110ACBFA4398D7C432226D947F110EDB9A772A0FE7FE29888374FEA.py
gtex main.pyg)...executed.


(_minted-main/ED99AA324110ACBFA4398D7C432226D947F110EDB9A772A0FE7FE29888374FEA.
pygtex)
\openout3 = `main.pyg'.

runsystem(pygmentize -l matlab -f latex -P commandprefix=PYG -F tokenmerge -o _
minted-main/1255C69A27FE73B2CD0C43634D0B83EE47F110EDB9A772A0FE7FE29888374FEA.py
gtex main.pyg)...executed.


(_minted-main/1255C69A27FE73B2CD0C43634D0B83EE47F110EDB9A772A0FE7FE29888374FEA.
pygtex [20])
Package atveryend Info: Empty hook `BeforeClearDocument' on input line 769.

Overfull \hbox (14.37592pt too wide) in paragraph at lines 764--769
[][] 
 []

[21]
Package atveryend Info: Empty hook `AfterLastShipout' on input line 769.
 (main.aux)
Package atveryend Info: Executing hook `AtVeryEndDocument' on input line 769.
Package atveryend Info: Executing hook `AtEndAfterFileList' on input line 769.


Package rerunfilecheck Warning: File `main.out' has changed.
(rerunfilecheck)                Rerun to get outlines right
(rerunfilecheck)                or use package `bookmark'.

Package rerunfilecheck Info: Checksums for `main.out':
(rerunfilecheck)             Before: <no file>
(rerunfilecheck)             After:  D41D8CD98F00B204E9800998ECF8427E;0.
runsystem(del main.pyg)...executed.

Package atveryend Info: Empty hook `AtVeryVeryEnd' on input line 769.
 )
(\end occurred inside a group at level 1)

### simple group (level 1) entered at line 47 ({)
### bottom level 
Here is how much of TeX's memory you used:
 27073 strings out of 492946
 506053 string characters out of 3135527
 638114 words of memory out of 3000000
 30422 multiletter control sequences out of 15000+200000
 604921 words of font info for 124 fonts, out of 3000000 for 9000
 1141 hyphenation exceptions out of 8191
 44i,11n,68p,961b,1087s stack positions out of 5000i,500n,10000p,200000b,50000s
{C:/Program Files/MiKTeX 2.9/fonts/enc/dvips/lm/lm-ts1.enc}{C:/
Program Files/MiKTeX 2.9/fonts/enc/dvips/lm/lm-mathex.enc}{C:/Program Files/MiK
TeX 2.9/fonts/enc/dvips/lm/lm-mathsy.enc}{C:/Program Files/MiKTeX 2.9/fonts/enc
/dvips/lm/lm-rm.enc}{C:/Program Files/MiKTeX 2.9/fonts/enc/dvips/lm/lm-ec.enc}{
C:/Program Files/MiKTeX 2.9/fonts/enc/dvips/lm/lm-mathit.enc}<C:/Program Files/
MiKTeX 2.9/fonts/type1/public/lm/lmbx10.pfb><C:/Program Files/MiKTeX 2.9/fonts/
type1/public/lm/lmbx12.pfb><C:/Program Files/MiKTeX 2.9/fonts/type1/public/lm/l
mex10.pfb><C:/Program Files/MiKTeX 2.9/fonts/type1/public/lm/lmmi10.pfb><C:/Pro
gram Files/MiKTeX 2.9/fonts/type1/public/lm/lmmi8.pfb><C:/Program Files/MiKTeX 
2.9/fonts/type1/public/lm/lmr10.pfb><C:/Program Files/MiKTeX 2.9/fonts/type1/pu
blic/lm/lmr12.pfb><C:/Program Files/MiKTeX 2.9/fonts/type1/public/lm/lmr17.pfb>
<C:/Program Files/MiKTeX 2.9/fonts/type1/public/lm/lmr8.pfb><C:/Program Files/M
iKTeX 2.9/fonts/type1/public/lm/lmsy10.pfb><C:/Program Files/MiKTeX 2.9/fonts/t
ype1/public/lm/lmsy8.pfb><C:/Program Files/MiKTeX 2.9/fonts/type1/public/lm/lmt
k10.pfb><C:/Program Files/MiKTeX 2.9/fonts/type1/public/lm/lmtt10.pfb>
Output written on main.pdf (22 pages, 647231 bytes).
PDF statistics:
 220 PDF objects out of 1000 (max. 8388607)
 58 named destinations out of 1000 (max. 500000)
 26675 words of extra memory for PDF output out of 29859 (max. 10000000)

